<?xml version="1.0" encoding="UTF-8"?>
<!-- Generated by org.testng.reporters.JUnitReportReporter -->
<testsuite hostname="Adarsh" failures="0" tests="1" name="testng_Batch.To_Launch_Hdfc" time="39.682" errors="0" timestamp="2024-01-29T11:40:33 IST" skipped="0">
  <testcase classname="testng_Batch.To_Launch_Hdfc" name="launchMuthud" time="39.682"/>
</testsuite> <!-- testng_Batch.To_Launch_Hdfc -->
