<?xml version="1.0" encoding="UTF-8"?>
<!-- Generated by org.testng.reporters.JUnitReportReporter -->
<testsuite hostname="Adarsh" failures="0" tests="1" name="methods.ToReadDataFromProFile" time="13.517" errors="0" timestamp="2024-02-07T22:57:59 IST" skipped="0">
  <testcase classname="methods.ToReadDataFromProFile" name="launchBrowser" time="13.517"/>
</testsuite> <!-- methods.ToReadDataFromProFile -->
