<?xml version="1.0" encoding="UTF-8"?>
<!-- Generated by org.testng.reporters.JUnitReportReporter -->
<testsuite hostname="Adarsh" failures="0" tests="1" name="testng_Batch.To_Launch_Amzon" time="22.609" errors="0" timestamp="2024-01-25T19:59:05 IST" skipped="0">
  <testcase classname="testng_Batch.To_Launch_Amzon" name="launchAmzon" time="22.609"/>
</testsuite> <!-- testng_Batch.To_Launch_Amzon -->
