<?xml version="1.0" encoding="UTF-8"?>
<!-- Generated by org.testng.reporters.JUnitReportReporter -->
<testsuite hostname="Adarsh" failures="0" tests="5" name="workingwithTestng.WorkingWithDependensMethods" time="0.036" errors="0" timestamp="2024-01-24T19:48:37 IST" skipped="0">
  <testcase classname="workingwithTestng.WorkingWithDependensMethods" name="search" time="0.001"/>
  <testcase classname="workingwithTestng.WorkingWithDependensMethods" name="register" time="0.022"/>
  <testcase classname="workingwithTestng.WorkingWithDependensMethods" name="login" time="0.005"/>
  <testcase classname="workingwithTestng.WorkingWithDependensMethods" name="logout" time="0.006"/>
  <testcase classname="workingwithTestng.WorkingWithDependensMethods" name="AddCart" time="0.002"/>
</testsuite> <!-- workingwithTestng.WorkingWithDependensMethods -->
