<?xml version="1.0" encoding="UTF-8"?>
<!-- Generated by org.testng.reporters.JUnitReportReporter -->
<testsuite hostname="Adarsh" failures="0" tests="1" name="testngProject.Demo_001" time="13.913" errors="0" timestamp="2024-01-30T20:26:28 IST" skipped="0">
  <testcase classname="testngProject.Demo_001" name="ValidateThatUSerIsAbleToClickOnShoopingCartalink" time="13.913">
    <system-out>
      <![CDATA[User is able to click on shoppingCart link
User is able to click on continue shoping sucessfully]]>
    </system-out>
  </testcase> <!-- ValidateThatUSerIsAbleToClickOnShoopingCartalink -->
  <system-out>
    <![CDATA[Data base connection started
Extends report formation started
User is able to open empty browser
User is able to maximaize the browser
User is able to open the demowebshop
User is able to login for webshop
User is able to click on shoppingCart link
User is able to click on continue shoping sucessfully
User is successfully logout feom demoshop
User is able to close the demowebsop
DataBase connection is stopped
Extend report formation end]]>
  </system-out>
</testsuite> <!-- testngProject.Demo_001 -->
