<?xml version="1.0" encoding="UTF-8"?>
<!-- Generated by org.testng.reporters.JUnitReportReporter -->
<testsuite hostname="Adarsh" failures="0" tests="1" name="testng_Batch.To_launch_icic" time="34.548" errors="0" timestamp="2024-01-29T11:40:33 IST" skipped="0">
  <testcase classname="testng_Batch.To_launch_icic" name="launchDemo" time="34.548"/>
</testsuite> <!-- testng_Batch.To_launch_icic -->
