<?xml version="1.0" encoding="UTF-8"?>
<!-- Generated by org.testng.reporters.JUnitReportReporter -->
<testsuite hostname="Adarsh" failures="0" tests="1" name="workinwithPageObjectModel.TC_Reg_001" time="13.530" errors="0" timestamp="2024-02-08T14:38:56 IST" skipped="0">
  <testcase classname="workinwithPageObjectModel.TC_Reg_001" name="register" time="13.530">
    <system-out>
      <![CDATA[User is able to click on Accesorieslink
User is successfully click on orders lnk]]>
    </system-out>
  </testcase> <!-- register -->
  <system-out>
    <![CDATA[User is successfully open the browser
User is able to click on Accesorieslink
User is successfully click on orders lnk
User is successfully quit the browser]]>
  </system-out>
</testsuite> <!-- workinwithPageObjectModel.TC_Reg_001 -->
