<?xml version="1.0" encoding="UTF-8"?>
<!-- Generated by org.testng.reporters.JUnitReportReporter -->
<testsuite hostname="Adarsh" failures="0" tests="1" name="testng_Batch.To_Launch_Motors" time="25.322" errors="0" timestamp="2024-01-25T20:22:42 IST" skipped="0">
  <testcase classname="testng_Batch.To_Launch_Motors" name="launchMuthud" time="25.322"/>
</testsuite> <!-- testng_Batch.To_Launch_Motors -->
