<?xml version="1.0" encoding="UTF-8"?>
<!-- Generated by org.testng.reporters.JUnitReportReporter -->
<testsuite hostname="Adarsh" failures="0" tests="3" name="dataDriven.Timeracker_Login" time="28.499" errors="0" timestamp="2024-01-31T16:27:16 IST" skipped="0">
  <testcase classname="dataDriven.Timeracker_Login" name="testcase" time="7.177">
    <system-out>
      <![CDATA[User is able to login successfully to timetracker]]>
    </system-out>
  </testcase> <!-- testcase -->
  <testcase classname="dataDriven.Timeracker_Login" name="testcase" time="7.442">
    <system-out>
      <![CDATA[User is able to login successfully to timetracker]]>
    </system-out>
  </testcase> <!-- testcase -->
  <testcase classname="dataDriven.Timeracker_Login" name="testcase" time="13.880">
    <system-out>
      <![CDATA[User is able to login successfully to timetracker]]>
    </system-out>
  </testcase> <!-- testcase -->
  <system-out>
    <![CDATA[Data base connection started
Extend report formation started
User is able to open the timetracker
User is able to login successfully to timetracker
User is able to open the timetracker
User is able to login successfully to timetracker
User is able to open the timetracker
User is able to login successfully to timetracker
Data base connection stopped
Extend report formation end]]>
  </system-out>
</testsuite> <!-- dataDriven.Timeracker_Login -->
