<?xml version="1.0" encoding="UTF-8"?>
<!-- Generated by org.testng.reporters.JUnitReportReporter -->
<testsuite hostname="Adarsh" failures="0" tests="1" name="testng_Batch.To_Launch_Lakme" time="21.197" errors="0" timestamp="2024-01-25T19:59:05 IST" skipped="0">
  <testcase classname="testng_Batch.To_Launch_Lakme" name="launchlakme" time="21.197"/>
</testsuite> <!-- testng_Batch.To_Launch_Lakme -->
