<?xml version="1.0" encoding="UTF-8"?>
<!-- Generated by org.testng.reporters.JUnitReportReporter -->
<testsuite hostname="Adarsh" failures="0" tests="1" name="testng_Batch.To_Launch_Poco" time="25.489" errors="0" timestamp="2024-01-25T20:22:42 IST" skipped="0">
  <testcase classname="testng_Batch.To_Launch_Poco" name="launchDemo" time="25.489"/>
</testsuite> <!-- testng_Batch.To_Launch_Poco -->
