<?xml version="1.0" encoding="UTF-8"?>
<!-- Generated by org.testng.reporters.JUnitReportReporter -->
<testsuite hostname="Adarsh" failures="0" tests="4" name="WorkingwithTestng.Basic" time="0.089" errors="0" timestamp="2024-01-23T19:25:25 IST" skipped="0">
  <testcase classname="WorkingwithTestng.Basic" name="demo" time="0.008">
    <system-out>
      <![CDATA[hello testng]]>
    </system-out>
  </testcase> <!-- demo -->
  <testcase classname="WorkingwithTestng.Basic" name="register" time="0.045">
    <system-out>
      <![CDATA[user is able to regsiter]]>
    </system-out>
  </testcase> <!-- register -->
  <testcase classname="WorkingwithTestng.Basic" name="cart" time="0.031">
    <system-out>
      <![CDATA[user is able to add the cart]]>
    </system-out>
  </testcase> <!-- cart -->
  <testcase classname="WorkingwithTestng.Basic" name="login" time="0.005">
    <system-out>
      <![CDATA[User is able to login ]]>
    </system-out>
  </testcase> <!-- login -->
  <system-out>
    <![CDATA[user is able to add the cart
hello testng
User is able to login 
user is able to regsiter]]>
  </system-out>
</testsuite> <!-- WorkingwithTestng.Basic -->
