<?xml version="1.0" encoding="UTF-8"?>
<!-- Generated by org.testng.reporters.JUnitReportReporter -->
<testsuite hostname="Adarsh" failures="0" tests="1" name="teleCom.telecom_baseclass" time="0.015" errors="0" timestamp="2024-02-06T12:50:47 IST" skipped="0">
  <testcase classname="teleCom.telecom_baseclass" name="DatabaseStart" time="0.015">
    <system-out>
      <![CDATA[Data base connection is stared
Extends report formation started]]>
    </system-out>
  </testcase> <!-- DatabaseStart -->
  <system-out>
    <![CDATA[Data base connection is stared
Extends report formation started
Data base connection is stared
Extends report formation started
Data base connection is end
Extends report formation stopped
Data base connection is end
Extends report formation stopped]]>
  </system-out>
</testsuite> <!-- teleCom.telecom_baseclass -->
