<?xml version="1.0" encoding="UTF-8"?>
<!-- Generated by org.testng.reporters.JUnitReportReporter -->
<testsuite hostname="Adarsh" failures="0" tests="2" name="testng_Batch.WorkinWithDataProvider" time="0.013" errors="0" timestamp="2024-01-30T20:17:49 IST" skipped="0">
  <testcase classname="testng_Batch.WorkinWithDataProvider" name="dataDemo" time="0.003"/>
  <testcase classname="testng_Batch.WorkinWithDataProvider" name="dataDemo" time="0.010"/>
</testsuite> <!-- testng_Batch.WorkinWithDataProvider -->
