<?xml version="1.0" encoding="UTF-8"?>
<!-- Generated by org.testng.reporters.JUnitReportReporter -->
<testsuite hostname="Adarsh" failures="0" tests="3" name="workingwithTestng.DataProviderDemoWebShop" time="37.956" errors="0" timestamp="2024-01-31T13:50:46 IST" skipped="0">
  <testcase classname="workingwithTestng.DataProviderDemoWebShop" name="acttime" time="13.835"/>
  <testcase classname="workingwithTestng.DataProviderDemoWebShop" name="acttime" time="12.470"/>
  <testcase classname="workingwithTestng.DataProviderDemoWebShop" name="acttime" time="11.651"/>
</testsuite> <!-- workingwithTestng.DataProviderDemoWebShop -->
